Determining if the pthread_create exist failed with the following output:
Change Dir: /home/kerry/vulkan/build/CMakeFiles/CMakeTmp

Run Build Command:"/usr/bin/make" "cmTC_1b9c0/fast"
/usr/bin/make -f CMakeFiles/cmTC_1b9c0.dir/build.make CMakeFiles/cmTC_1b9c0.dir/build
make[1]: Entering directory '/home/kerry/vulkan/build/CMakeFiles/CMakeTmp'
Building C object CMakeFiles/cmTC_1b9c0.dir/CheckSymbolExists.c.o
/usr/bin/gcc-9    -o CMakeFiles/cmTC_1b9c0.dir/CheckSymbolExists.c.o   -c /home/kerry/vulkan/build/CMakeFiles/CMakeTmp/CheckSymbolExists.c
Linking C executable cmTC_1b9c0
/usr/bin/cmake -E cmake_link_script CMakeFiles/cmTC_1b9c0.dir/link.txt --verbose=1
/usr/bin/gcc-9      -rdynamic CMakeFiles/cmTC_1b9c0.dir/CheckSymbolExists.c.o  -o cmTC_1b9c0 
CMakeFiles/cmTC_1b9c0.dir/CheckSymbolExists.c.o: In function `main':
CheckSymbolExists.c:(.text+0x1b): undefined reference to `pthread_create'
collect2: error: ld returned 1 exit status
CMakeFiles/cmTC_1b9c0.dir/build.make:97: recipe for target 'cmTC_1b9c0' failed
make[1]: *** [cmTC_1b9c0] Error 1
make[1]: Leaving directory '/home/kerry/vulkan/build/CMakeFiles/CMakeTmp'
Makefile:126: recipe for target 'cmTC_1b9c0/fast' failed
make: *** [cmTC_1b9c0/fast] Error 2

File /home/kerry/vulkan/build/CMakeFiles/CMakeTmp/CheckSymbolExists.c:
/* */
#include <pthread.h>

int main(int argc, char** argv)
{
  (void)argv;
#ifndef pthread_create
  return ((int*)(&pthread_create))[argc];
#else
  (void)argc;
  return 0;
#endif
}

Performing C++ SOURCE FILE Test COMPILER_HAS_UNKNOWN_WARNING_OPTION failed with the following output:
Change Dir: /home/kerry/vulkan/build/CMakeFiles/CMakeTmp

Run Build Command:"/usr/bin/make" "cmTC_2327b/fast"
/usr/bin/make -f CMakeFiles/cmTC_2327b.dir/build.make CMakeFiles/cmTC_2327b.dir/build
make[1]: Entering directory '/home/kerry/vulkan/build/CMakeFiles/CMakeTmp'
Building CXX object CMakeFiles/cmTC_2327b.dir/src.cxx.o
/usr/bin/g++-9    -DCOMPILER_HAS_UNKNOWN_WARNING_OPTION  -std=gnu++1z   -Werror=unknown-warning-option -pthread -o CMakeFiles/cmTC_2327b.dir/src.cxx.o -c /home/kerry/vulkan/build/CMakeFiles/CMakeTmp/src.cxx
cc1plus: error: '-Werror=unknown-warning-option': no option -Wunknown-warning-option
CMakeFiles/cmTC_2327b.dir/build.make:65: recipe for target 'CMakeFiles/cmTC_2327b.dir/src.cxx.o' failed
make[1]: *** [CMakeFiles/cmTC_2327b.dir/src.cxx.o] Error 1
make[1]: Leaving directory '/home/kerry/vulkan/build/CMakeFiles/CMakeTmp'
Makefile:126: recipe for target 'cmTC_2327b/fast' failed
make: *** [cmTC_2327b/fast] Error 2

Source file was:
int main() { return 0; }
Performing C++ SOURCE FILE Test COMPILER_HAS_W_NULLABILITY_COMPLETENESS failed with the following output:
Change Dir: /home/kerry/vulkan/build/CMakeFiles/CMakeTmp

Run Build Command:"/usr/bin/make" "cmTC_6f55c/fast"
/usr/bin/make -f CMakeFiles/cmTC_6f55c.dir/build.make CMakeFiles/cmTC_6f55c.dir/build
make[1]: Entering directory '/home/kerry/vulkan/build/CMakeFiles/CMakeTmp'
Building CXX object CMakeFiles/cmTC_6f55c.dir/src.cxx.o
/usr/bin/g++-9    -DCOMPILER_HAS_W_NULLABILITY_COMPLETENESS  -std=gnu++1z   -Wnullability-completeness -pthread -o CMakeFiles/cmTC_6f55c.dir/src.cxx.o -c /home/kerry/vulkan/build/CMakeFiles/CMakeTmp/src.cxx
g++-9: error: unrecognized command line option '-Wnullability-completeness'
CMakeFiles/cmTC_6f55c.dir/build.make:65: recipe for target 'CMakeFiles/cmTC_6f55c.dir/src.cxx.o' failed
make[1]: *** [CMakeFiles/cmTC_6f55c.dir/src.cxx.o] Error 1
make[1]: Leaving directory '/home/kerry/vulkan/build/CMakeFiles/CMakeTmp'
Makefile:126: recipe for target 'cmTC_6f55c/fast' failed
make: *** [cmTC_6f55c/fast] Error 2

Source file was:
int main() { return 0; }
Performing C++ SOURCE FILE Test COMPILER_HAS_W_INCONSISTENT_MISSING_OVERRIDE failed with the following output:
Change Dir: /home/kerry/vulkan/build/CMakeFiles/CMakeTmp

Run Build Command:"/usr/bin/make" "cmTC_86ba1/fast"
/usr/bin/make -f CMakeFiles/cmTC_86ba1.dir/build.make CMakeFiles/cmTC_86ba1.dir/build
make[1]: Entering directory '/home/kerry/vulkan/build/CMakeFiles/CMakeTmp'
Building CXX object CMakeFiles/cmTC_86ba1.dir/src.cxx.o
/usr/bin/g++-9    -DCOMPILER_HAS_W_INCONSISTENT_MISSING_OVERRIDE  -std=gnu++1z   -Winconsistent-missing-override -pthread -o CMakeFiles/cmTC_86ba1.dir/src.cxx.o -c /home/kerry/vulkan/build/CMakeFiles/CMakeTmp/src.cxx
g++-9: error: unrecognized command line option '-Winconsistent-missing-override'
CMakeFiles/cmTC_86ba1.dir/build.make:65: recipe for target 'CMakeFiles/cmTC_86ba1.dir/src.cxx.o' failed
make[1]: *** [CMakeFiles/cmTC_86ba1.dir/src.cxx.o] Error 1
make[1]: Leaving directory '/home/kerry/vulkan/build/CMakeFiles/CMakeTmp'
Makefile:126: recipe for target 'cmTC_86ba1/fast' failed
make: *** [cmTC_86ba1/fast] Error 2

Source file was:
int main() { return 0; }
Performing C++ SOURCE FILE Test FOLLY_USE_LIBCPP failed with the following output:
Change Dir: /home/kerry/vulkan/build/CMakeFiles/CMakeTmp

Run Build Command:"/usr/bin/make" "cmTC_b54b6/fast"
/usr/bin/make -f CMakeFiles/cmTC_b54b6.dir/build.make CMakeFiles/cmTC_b54b6.dir/build
make[1]: Entering directory '/home/kerry/vulkan/build/CMakeFiles/CMakeTmp'
Building CXX object CMakeFiles/cmTC_b54b6.dir/src.cxx.o
/usr/bin/g++-9  -D_GNU_SOURCE  -DFOLLY_USE_LIBCPP  -std=gnu++1z   -pthread -o CMakeFiles/cmTC_b54b6.dir/src.cxx.o -c /home/kerry/vulkan/build/CMakeFiles/CMakeTmp/src.cxx
/home/kerry/vulkan/build/CMakeFiles/CMakeTmp/src.cxx:4:4: error: #error No libc++
    4 |   #error No libc++
      |    ^~~~~
CMakeFiles/cmTC_b54b6.dir/build.make:65: recipe for target 'CMakeFiles/cmTC_b54b6.dir/src.cxx.o' failed
make[1]: *** [CMakeFiles/cmTC_b54b6.dir/src.cxx.o] Error 1
make[1]: Leaving directory '/home/kerry/vulkan/build/CMakeFiles/CMakeTmp'
Makefile:126: recipe for target 'cmTC_b54b6/fast' failed
make: *** [cmTC_b54b6/fast] Error 2

Source file was:

  #include <type_traits>
  #if !_LIBCPP_VERSION
  #error No libc++
  #endif
  int main() { return 0; }
Performing C SOURCE FILE Test CMAKE_HAVE_LIBC_PTHREAD failed with the following output:
Change Dir: /home/kerry/vulkan/src/folly/build/CMakeFiles/CMakeTmp

Run Build Command(s):/usr/bin/make cmTC_64212/fast && /usr/bin/make -f CMakeFiles/cmTC_64212.dir/build.make CMakeFiles/cmTC_64212.dir/build
make[1]: Entering directory '/home/kerry/vulkan/src/folly/build/CMakeFiles/CMakeTmp'
Building C object CMakeFiles/cmTC_64212.dir/src.c.o
/usr/bin/cc   -DCMAKE_HAVE_LIBC_PTHREAD   -o CMakeFiles/cmTC_64212.dir/src.c.o   -c /home/kerry/vulkan/src/folly/build/CMakeFiles/CMakeTmp/src.c
Linking C executable cmTC_64212
/usr/bin/cmake -E cmake_link_script CMakeFiles/cmTC_64212.dir/link.txt --verbose=1
/usr/bin/cc  -DCMAKE_HAVE_LIBC_PTHREAD    -rdynamic CMakeFiles/cmTC_64212.dir/src.c.o  -o cmTC_64212 
CMakeFiles/cmTC_64212.dir/src.c.o: In function `main':
src.c:(.text+0x3e): undefined reference to `pthread_create'
src.c:(.text+0x4a): undefined reference to `pthread_detach'
src.c:(.text+0x5b): undefined reference to `pthread_join'
src.c:(.text+0x6f): undefined reference to `pthread_atfork'
collect2: error: ld returned 1 exit status
CMakeFiles/cmTC_64212.dir/build.make:86: recipe for target 'cmTC_64212' failed
make[1]: *** [cmTC_64212] Error 1
make[1]: Leaving directory '/home/kerry/vulkan/src/folly/build/CMakeFiles/CMakeTmp'
Makefile:121: recipe for target 'cmTC_64212/fast' failed
make: *** [cmTC_64212/fast] Error 2


Source file was:
#include <pthread.h>

void* test_func(void* data)
{
  return data;
}

int main(void)
{
  pthread_t thread;
  pthread_create(&thread, NULL, test_func, NULL);
  pthread_detach(thread);
  pthread_join(thread, NULL);
  pthread_atfork(NULL, NULL, NULL);
  pthread_exit(NULL);

  return 0;
}

Performing C++ SOURCE FILE Test COMPILER_HAS_UNKNOWN_WARNING_OPTION failed with the following output:
Change Dir: /home/kerry/vulkan/src/folly/build/CMakeFiles/CMakeTmp

Run Build Command(s):/usr/bin/make cmTC_2b193/fast && /usr/bin/make -f CMakeFiles/cmTC_2b193.dir/build.make CMakeFiles/cmTC_2b193.dir/build
make[1]: Entering directory '/home/kerry/vulkan/src/folly/build/CMakeFiles/CMakeTmp'
Building CXX object CMakeFiles/cmTC_2b193.dir/src.cxx.o
/usr/bin/g++    -DCOMPILER_HAS_UNKNOWN_WARNING_OPTION  -std=gnu++1z   -Werror=unknown-warning-option -pthread -o CMakeFiles/cmTC_2b193.dir/src.cxx.o -c /home/kerry/vulkan/src/folly/build/CMakeFiles/CMakeTmp/src.cxx
cc1plus: error: '-Werror=unknown-warning-option': no option -Wunknown-warning-option
CMakeFiles/cmTC_2b193.dir/build.make:65: recipe for target 'CMakeFiles/cmTC_2b193.dir/src.cxx.o' failed
make[1]: *** [CMakeFiles/cmTC_2b193.dir/src.cxx.o] Error 1
make[1]: Leaving directory '/home/kerry/vulkan/src/folly/build/CMakeFiles/CMakeTmp'
Makefile:121: recipe for target 'cmTC_2b193/fast' failed
make: *** [cmTC_2b193/fast] Error 2


Source file was:
int main() { return 0; }
Performing C++ SOURCE FILE Test COMPILER_HAS_W_NULLABILITY_COMPLETENESS failed with the following output:
Change Dir: /home/kerry/vulkan/src/folly/build/CMakeFiles/CMakeTmp

Run Build Command(s):/usr/bin/make cmTC_80016/fast && /usr/bin/make -f CMakeFiles/cmTC_80016.dir/build.make CMakeFiles/cmTC_80016.dir/build
make[1]: Entering directory '/home/kerry/vulkan/src/folly/build/CMakeFiles/CMakeTmp'
Building CXX object CMakeFiles/cmTC_80016.dir/src.cxx.o
/usr/bin/g++    -DCOMPILER_HAS_W_NULLABILITY_COMPLETENESS  -std=gnu++1z   -Wnullability-completeness -pthread -o CMakeFiles/cmTC_80016.dir/src.cxx.o -c /home/kerry/vulkan/src/folly/build/CMakeFiles/CMakeTmp/src.cxx
g++: error: unrecognized command line option '-Wnullability-completeness'
CMakeFiles/cmTC_80016.dir/build.make:65: recipe for target 'CMakeFiles/cmTC_80016.dir/src.cxx.o' failed
make[1]: *** [CMakeFiles/cmTC_80016.dir/src.cxx.o] Error 1
make[1]: Leaving directory '/home/kerry/vulkan/src/folly/build/CMakeFiles/CMakeTmp'
Makefile:121: recipe for target 'cmTC_80016/fast' failed
make: *** [cmTC_80016/fast] Error 2


Source file was:
int main() { return 0; }
Performing C++ SOURCE FILE Test COMPILER_HAS_W_INCONSISTENT_MISSING_OVERRIDE failed with the following output:
Change Dir: /home/kerry/vulkan/src/folly/build/CMakeFiles/CMakeTmp

Run Build Command(s):/usr/bin/make cmTC_470c0/fast && /usr/bin/make -f CMakeFiles/cmTC_470c0.dir/build.make CMakeFiles/cmTC_470c0.dir/build
make[1]: Entering directory '/home/kerry/vulkan/src/folly/build/CMakeFiles/CMakeTmp'
Building CXX object CMakeFiles/cmTC_470c0.dir/src.cxx.o
/usr/bin/g++    -DCOMPILER_HAS_W_INCONSISTENT_MISSING_OVERRIDE  -std=gnu++1z   -Winconsistent-missing-override -pthread -o CMakeFiles/cmTC_470c0.dir/src.cxx.o -c /home/kerry/vulkan/src/folly/build/CMakeFiles/CMakeTmp/src.cxx
g++: error: unrecognized command line option '-Winconsistent-missing-override'
CMakeFiles/cmTC_470c0.dir/build.make:65: recipe for target 'CMakeFiles/cmTC_470c0.dir/src.cxx.o' failed
make[1]: *** [CMakeFiles/cmTC_470c0.dir/src.cxx.o] Error 1
make[1]: Leaving directory '/home/kerry/vulkan/src/folly/build/CMakeFiles/CMakeTmp'
Makefile:121: recipe for target 'cmTC_470c0/fast' failed
make: *** [cmTC_470c0/fast] Error 2


Source file was:
int main() { return 0; }
Performing C++ SOURCE FILE Test FOLLY_USE_LIBCPP failed with the following output:
Change Dir: /home/kerry/vulkan/src/folly/build/CMakeFiles/CMakeTmp

Run Build Command(s):/usr/bin/make cmTC_7d715/fast && /usr/bin/make -f CMakeFiles/cmTC_7d715.dir/build.make CMakeFiles/cmTC_7d715.dir/build
make[1]: Entering directory '/home/kerry/vulkan/src/folly/build/CMakeFiles/CMakeTmp'
Building CXX object CMakeFiles/cmTC_7d715.dir/src.cxx.o
/usr/bin/g++  -D_GNU_SOURCE  -DFOLLY_USE_LIBCPP  -std=gnu++1z   -pthread -o CMakeFiles/cmTC_7d715.dir/src.cxx.o -c /home/kerry/vulkan/src/folly/build/CMakeFiles/CMakeTmp/src.cxx
/home/kerry/vulkan/src/folly/build/CMakeFiles/CMakeTmp/src.cxx:4:4: error: #error No libc++
    4 |   #error No libc++
      |    ^~~~~
CMakeFiles/cmTC_7d715.dir/build.make:65: recipe for target 'CMakeFiles/cmTC_7d715.dir/src.cxx.o' failed
make[1]: *** [CMakeFiles/cmTC_7d715.dir/src.cxx.o] Error 1
make[1]: Leaving directory '/home/kerry/vulkan/src/folly/build/CMakeFiles/CMakeTmp'
Makefile:121: recipe for target 'cmTC_7d715/fast' failed
make: *** [cmTC_7d715/fast] Error 2


Source file was:

  #include <type_traits>
  #if !_LIBCPP_VERSION
  #error No libc++
  #endif
  int main() { return 0; }
